2026-02-17 01:29:47,554 [ERROR] uvicorn.error:134 - Traceback (most recent call last):
  File "D:\anaconda3\envs\PDF\lib\site-packages\uvicorn\_compat.py", line 60, in asyncio_run
    return loop.run_until_complete(main)
  File "D:\anaconda3\envs\PDF\lib\asyncio\base_events.py", line 636, in run_until_complete
    self.run_forever()
  File "D:\anaconda3\envs\PDF\lib\asyncio\base_events.py", line 603, in run_forever
    self._run_once()
  File "D:\anaconda3\envs\PDF\lib\asyncio\base_events.py", line 1909, in _run_once
    handle._run()
  File "D:\anaconda3\envs\PDF\lib\asyncio\events.py", line 80, in _run
    self._context.run(self._callback, *self._args)
  File "D:\anaconda3\envs\PDF\lib\site-packages\uvicorn\server.py", line 70, in serve
    with self.capture_signals():
  File "D:\anaconda3\envs\PDF\lib\contextlib.py", line 142, in __exit__
    next(self.gen)
  File "D:\anaconda3\envs\PDF\lib\site-packages\uvicorn\server.py", line 331, in capture_signals
    signal.raise_signal(captured_signal)
KeyboardInterrupt

During handling of the above exception, another exception occurred:

Traceback (most recent call last):
  File "D:\anaconda3\envs\PDF\lib\site-packages\starlette\routing.py", line 701, in lifespan
    await receive()
  File "D:\anaconda3\envs\PDF\lib\site-packages\uvicorn\lifespan\on.py", line 137, in receive
    return await self.receive_queue.get()
  File "D:\anaconda3\envs\PDF\lib\asyncio\queues.py", line 159, in get
    await getter
asyncio.exceptions.CancelledError

2026-02-17 01:30:41,967 [ERROR] uvicorn.error:134 - Traceback (most recent call last):
  File "D:\anaconda3\envs\PDF\lib\site-packages\uvicorn\_compat.py", line 60, in asyncio_run
    return loop.run_until_complete(main)
  File "D:\anaconda3\envs\PDF\lib\asyncio\base_events.py", line 636, in run_until_complete
    self.run_forever()
  File "D:\anaconda3\envs\PDF\lib\asyncio\base_events.py", line 603, in run_forever
    self._run_once()
  File "D:\anaconda3\envs\PDF\lib\asyncio\base_events.py", line 1909, in _run_once
    handle._run()
  File "D:\anaconda3\envs\PDF\lib\asyncio\events.py", line 80, in _run
    self._context.run(self._callback, *self._args)
  File "D:\anaconda3\envs\PDF\lib\site-packages\uvicorn\server.py", line 70, in serve
    with self.capture_signals():
  File "D:\anaconda3\envs\PDF\lib\contextlib.py", line 142, in __exit__
    next(self.gen)
  File "D:\anaconda3\envs\PDF\lib\site-packages\uvicorn\server.py", line 331, in capture_signals
    signal.raise_signal(captured_signal)
KeyboardInterrupt

During handling of the above exception, another exception occurred:

Traceback (most recent call last):
  File "D:\anaconda3\envs\PDF\lib\site-packages\starlette\routing.py", line 701, in lifespan
    await receive()
  File "D:\anaconda3\envs\PDF\lib\site-packages\uvicorn\lifespan\on.py", line 137, in receive
    return await self.receive_queue.get()
  File "D:\anaconda3\envs\PDF\lib\asyncio\queues.py", line 159, in get
    await getter
asyncio.exceptions.CancelledError

2026-02-17 01:33:28,976 [ERROR] uvicorn.error:134 - Traceback (most recent call last):
  File "D:\anaconda3\envs\PDF\lib\site-packages\uvicorn\_compat.py", line 60, in asyncio_run
    return loop.run_until_complete(main)
  File "D:\anaconda3\envs\PDF\lib\asyncio\base_events.py", line 636, in run_until_complete
    self.run_forever()
  File "D:\anaconda3\envs\PDF\lib\asyncio\base_events.py", line 603, in run_forever
    self._run_once()
  File "D:\anaconda3\envs\PDF\lib\asyncio\base_events.py", line 1909, in _run_once
    handle._run()
  File "D:\anaconda3\envs\PDF\lib\asyncio\events.py", line 80, in _run
    self._context.run(self._callback, *self._args)
  File "D:\anaconda3\envs\PDF\lib\site-packages\uvicorn\server.py", line 70, in serve
    with self.capture_signals():
  File "D:\anaconda3\envs\PDF\lib\contextlib.py", line 142, in __exit__
    next(self.gen)
  File "D:\anaconda3\envs\PDF\lib\site-packages\uvicorn\server.py", line 331, in capture_signals
    signal.raise_signal(captured_signal)
KeyboardInterrupt

During handling of the above exception, another exception occurred:

Traceback (most recent call last):
  File "D:\anaconda3\envs\PDF\lib\site-packages\starlette\routing.py", line 701, in lifespan
    await receive()
  File "D:\anaconda3\envs\PDF\lib\site-packages\uvicorn\lifespan\on.py", line 137, in receive
    return await self.receive_queue.get()
  File "D:\anaconda3\envs\PDF\lib\asyncio\queues.py", line 159, in get
    await getter
asyncio.exceptions.CancelledError

2026-02-17 01:33:31,165 [ERROR] uvicorn.error:134 - Traceback (most recent call last):
  File "D:\anaconda3\envs\PDF\lib\site-packages\uvicorn\_compat.py", line 60, in asyncio_run
    return loop.run_until_complete(main)
  File "D:\anaconda3\envs\PDF\lib\asyncio\base_events.py", line 636, in run_until_complete
    self.run_forever()
  File "D:\anaconda3\envs\PDF\lib\asyncio\base_events.py", line 603, in run_forever
    self._run_once()
  File "D:\anaconda3\envs\PDF\lib\asyncio\base_events.py", line 1909, in _run_once
    handle._run()
  File "D:\anaconda3\envs\PDF\lib\asyncio\events.py", line 80, in _run
    self._context.run(self._callback, *self._args)
  File "D:\anaconda3\envs\PDF\lib\site-packages\uvicorn\server.py", line 70, in serve
    with self.capture_signals():
  File "D:\anaconda3\envs\PDF\lib\contextlib.py", line 142, in __exit__
    next(self.gen)
  File "D:\anaconda3\envs\PDF\lib\site-packages\uvicorn\server.py", line 331, in capture_signals
    signal.raise_signal(captured_signal)
KeyboardInterrupt

During handling of the above exception, another exception occurred:

Traceback (most recent call last):
  File "D:\anaconda3\envs\PDF\lib\site-packages\starlette\routing.py", line 701, in lifespan
    await receive()
  File "D:\anaconda3\envs\PDF\lib\site-packages\uvicorn\lifespan\on.py", line 137, in receive
    return await self.receive_queue.get()
  File "D:\anaconda3\envs\PDF\lib\asyncio\queues.py", line 159, in get
    await getter
asyncio.exceptions.CancelledError

